<?xml version="1.0" encoding="UTF-8"?>
<testsuite xmlns:xsi="http://www.w3.org/2001/XMLSchema-instance" xsi:noNamespaceSchemaLocation="https://maven.apache.org/surefire/maven-surefire-plugin/xsd/surefire-test-report-3.0.xsd" version="3.0" name="TestSuite" time="27.339" tests="12" errors="0" skipped="0" failures="0">
  <properties>
    <property name="java.specification.version" value="17"/>
    <property name="sun.cpu.isalist" value="amd64"/>
    <property name="sun.jnu.encoding" value="Cp1252"/>
    <property name="java.class.path" value="H:\Archana_Selenium_WebDriver\PetStoreAutomation\target\test-classes;H:\Archana_Selenium_WebDriver\PetStoreAutomation\target\classes;C:\Users\Admin\.m2\repository\io\rest-assured\rest-assured\5.3.2\rest-assured-5.3.2.jar;C:\Users\Admin\.m2\repository\org\apache\groovy\groovy\4.0.11\groovy-4.0.11.jar;C:\Users\Admin\.m2\repository\org\apache\groovy\groovy-xml\4.0.11\groovy-xml-4.0.11.jar;C:\Users\Admin\.m2\repository\org\apache\httpcomponents\httpclient\4.5.13\httpclient-4.5.13.jar;C:\Users\Admin\.m2\repository\org\apache\httpcomponents\httpcore\4.4.13\httpcore-4.4.13.jar;C:\Users\Admin\.m2\repository\commons-logging\commons-logging\1.2\commons-logging-1.2.jar;C:\Users\Admin\.m2\repository\org\apache\httpcomponents\httpmime\4.5.13\httpmime-4.5.13.jar;C:\Users\Admin\.m2\repository\org\hamcrest\hamcrest\2.2\hamcrest-2.2.jar;C:\Users\Admin\.m2\repository\org\ccil\cowan\tagsoup\tagsoup\1.2.1\tagsoup-1.2.1.jar;C:\Users\Admin\.m2\repository\io\rest-assured\json-path\5.3.2\json-path-5.3.2.jar;C:\Users\Admin\.m2\repository\org\apache\logging\log4j\log4j-core\3.0.0-alpha1\log4j-core-3.0.0-alpha1.jar;C:\Users\Admin\.m2\repository\org\apache\logging\log4j\log4j-plugins\3.0.0-alpha1\log4j-plugins-3.0.0-alpha1.jar;C:\Users\Admin\.m2\repository\javax\activation\javax.activation-api\1.2.0\javax.activation-api-1.2.0.jar;C:\Users\Admin\.m2\repository\javax\xml\bind\jaxb-api\2.3.1\jaxb-api-2.3.1.jar;C:\Users\Admin\.m2\repository\com\fasterxml\woodstox\woodstox-core\6.5.0\woodstox-core-6.5.0.jar;C:\Users\Admin\.m2\repository\org\codehaus\woodstox\stax2-api\4.2.1\stax2-api-4.2.1.jar;C:\Users\Admin\.m2\repository\org\testng\testng\7.8.0\testng-7.8.0.jar;C:\Users\Admin\.m2\repository\com\beust\jcommander\1.82\jcommander-1.82.jar;C:\Users\Admin\.m2\repository\org\webjars\jquery\3.6.1\jquery-3.6.1.jar;C:\Users\Admin\.m2\repository\com\jayway\jsonpath\json-path\2.8.0\json-path-2.8.0.jar;C:\Users\Admin\.m2\repository\net\minidev\json-smart\2.4.10\json-smart-2.4.10.jar;C:\Users\Admin\.m2\repository\net\minidev\accessors-smart\2.4.9\accessors-smart-2.4.9.jar;C:\Users\Admin\.m2\repository\org\ow2\asm\asm\9.3\asm-9.3.jar;C:\Users\Admin\.m2\repository\io\github\selcukes\selcukes-extent-reports\2.3.7\selcukes-extent-reports-2.3.7.jar;C:\Users\Admin\.m2\repository\com\aventstack\extentreports\5.1.1\extentreports-5.1.1.jar;C:\Users\Admin\.m2\repository\io\reactivex\rxjava3\rxjava\3.1.6\rxjava-3.1.6.jar;C:\Users\Admin\.m2\repository\org\reactivestreams\reactive-streams\1.0.4\reactive-streams-1.0.4.jar;C:\Users\Admin\.m2\repository\org\freemarker\freemarker\2.3.32\freemarker-2.3.32.jar;C:\Users\Admin\.m2\repository\org\projectlombok\lombok\1.18.26\lombok-1.18.26.jar;C:\Users\Admin\.m2\repository\com\google\code\gson\gson\2.10.1\gson-2.10.1.jar;C:\Users\Admin\.m2\repository\io\github\selcukes\selcukes-snapshot\2.3.7\selcukes-snapshot-2.3.7.jar;C:\Users\Admin\.m2\repository\io\github\selcukes\selcukes-commons\2.3.7\selcukes-commons-2.3.7.jar;C:\Users\Admin\.m2\repository\io\github\selcukes\selcukes-databind\2.3.7\selcukes-databind-2.3.7.jar;C:\Users\Admin\.m2\repository\io\github\selcukes\selcukes-collections\2.3.7\selcukes-collections-2.3.7.jar;C:\Users\Admin\.m2\repository\com\fasterxml\jackson\dataformat\jackson-dataformat-yaml\2.15.3\jackson-dataformat-yaml-2.15.3.jar;C:\Users\Admin\.m2\repository\org\yaml\snakeyaml\2.1\snakeyaml-2.1.jar;C:\Users\Admin\.m2\repository\com\fasterxml\jackson\dataformat\jackson-dataformat-xml\2.15.3\jackson-dataformat-xml-2.15.3.jar;C:\Users\Admin\.m2\repository\org\apache\poi\poi\5.2.4\poi-5.2.4.jar;C:\Users\Admin\.m2\repository\commons-codec\commons-codec\1.16.0\commons-codec-1.16.0.jar;C:\Users\Admin\.m2\repository\org\apache\commons\commons-collections4\4.4\commons-collections4-4.4.jar;C:\Users\Admin\.m2\repository\org\apache\commons\commons-math3\3.6.1\commons-math3-3.6.1.jar;C:\Users\Admin\.m2\repository\commons-io\commons-io\2.13.0\commons-io-2.13.0.jar;C:\Users\Admin\.m2\repository\com\zaxxer\SparseBitSet\1.3\SparseBitSet-1.3.jar;C:\Users\Admin\.m2\repository\org\apache\poi\poi-ooxml\5.2.4\poi-ooxml-5.2.4.jar;C:\Users\Admin\.m2\repository\org\apache\poi\poi-ooxml-lite\5.2.4\poi-ooxml-lite-5.2.4.jar;C:\Users\Admin\.m2\repository\org\apache\xmlbeans\xmlbeans\5.1.1\xmlbeans-5.1.1.jar;C:\Users\Admin\.m2\repository\org\apache\commons\commons-compress\1.24.0\commons-compress-1.24.0.jar;C:\Users\Admin\.m2\repository\com\github\virtuald\curvesapi\1.08\curvesapi-1.08.jar;C:\Users\Admin\.m2\repository\io\rest-assured\xml-path\5.3.2\xml-path-5.3.2.jar;C:\Users\Admin\.m2\repository\io\rest-assured\rest-assured-common\5.3.2\rest-assured-common-5.3.2.jar;C:\Users\Admin\.m2\repository\org\apache\commons\commons-lang3\3.11\commons-lang3-3.11.jar;C:\Users\Admin\.m2\repository\com\github\java-json-tools\json-schema-validator\2.2.14\json-schema-validator-2.2.14.jar;C:\Users\Admin\.m2\repository\com\google\guava\guava\28.2-android\guava-28.2-android.jar;C:\Users\Admin\.m2\repository\com\google\guava\failureaccess\1.0.1\failureaccess-1.0.1.jar;C:\Users\Admin\.m2\repository\com\google\guava\listenablefuture\9999.0-empty-to-avoid-conflict-with-guava\listenablefuture-9999.0-empty-to-avoid-conflict-with-guava.jar;C:\Users\Admin\.m2\repository\org\checkerframework\checker-compat-qual\2.5.5\checker-compat-qual-2.5.5.jar;C:\Users\Admin\.m2\repository\com\google\errorprone\error_prone_annotations\2.3.4\error_prone_annotations-2.3.4.jar;C:\Users\Admin\.m2\repository\com\google\j2objc\j2objc-annotations\1.3\j2objc-annotations-1.3.jar;C:\Users\Admin\.m2\repository\com\github\java-json-tools\jackson-coreutils-equivalence\1.0\jackson-coreutils-equivalence-1.0.jar;C:\Users\Admin\.m2\repository\com\fasterxml\jackson\core\jackson-databind\2.11.0\jackson-databind-2.11.0.jar;C:\Users\Admin\.m2\repository\com\fasterxml\jackson\core\jackson-annotations\2.11.0\jackson-annotations-2.11.0.jar;C:\Users\Admin\.m2\repository\com\fasterxml\jackson\core\jackson-core\2.11.0\jackson-core-2.11.0.jar;C:\Users\Admin\.m2\repository\com\github\java-json-tools\jackson-coreutils\2.0\jackson-coreutils-2.0.jar;C:\Users\Admin\.m2\repository\com\github\java-json-tools\msg-simple\1.2\msg-simple-1.2.jar;C:\Users\Admin\.m2\repository\com\github\java-json-tools\btf\1.3\btf-1.3.jar;C:\Users\Admin\.m2\repository\com\github\java-json-tools\json-schema-core\1.2.14\json-schema-core-1.2.14.jar;C:\Users\Admin\.m2\repository\com\github\java-json-tools\uri-template\0.10\uri-template-0.10.jar;C:\Users\Admin\.m2\repository\org\mozilla\rhino\1.7.7.2\rhino-1.7.7.2.jar;C:\Users\Admin\.m2\repository\com\sun\mail\mailapi\1.6.2\mailapi-1.6.2.jar;C:\Users\Admin\.m2\repository\joda-time\joda-time\2.10.5\joda-time-2.10.5.jar;C:\Users\Admin\.m2\repository\com\googlecode\libphonenumber\libphonenumber\8.11.1\libphonenumber-8.11.1.jar;C:\Users\Admin\.m2\repository\com\google\code\findbugs\jsr305\3.0.2\jsr305-3.0.2.jar;C:\Users\Admin\.m2\repository\net\sf\jopt-simple\jopt-simple\5.0.4\jopt-simple-5.0.4.jar;C:\Users\Admin\.m2\repository\io\rest-assured\json-schema-validator\5.3.2\json-schema-validator-5.3.2.jar;C:\Users\Admin\.m2\repository\io\rest-assured\spring-mock-mvc\5.3.2\spring-mock-mvc-5.3.2.jar;C:\Users\Admin\.m2\repository\io\rest-assured\spring-commons\5.3.2\spring-commons-5.3.2.jar;C:\Users\Admin\.m2\repository\org\springframework\spring-test\5.1.13.RELEASE\spring-test-5.1.13.RELEASE.jar;C:\Users\Admin\.m2\repository\org\springframework\spring-core\5.1.13.RELEASE\spring-core-5.1.13.RELEASE.jar;C:\Users\Admin\.m2\repository\org\springframework\spring-jcl\5.1.13.RELEASE\spring-jcl-5.1.13.RELEASE.jar;C:\Users\Admin\.m2\repository\org\springframework\spring-webmvc\5.1.13.RELEASE\spring-webmvc-5.1.13.RELEASE.jar;C:\Users\Admin\.m2\repository\org\springframework\spring-aop\5.1.13.RELEASE\spring-aop-5.1.13.RELEASE.jar;C:\Users\Admin\.m2\repository\org\springframework\spring-beans\5.1.13.RELEASE\spring-beans-5.1.13.RELEASE.jar;C:\Users\Admin\.m2\repository\org\springframework\spring-expression\5.1.13.RELEASE\spring-expression-5.1.13.RELEASE.jar;C:\Users\Admin\.m2\repository\org\springframework\spring-web\5.1.13.RELEASE\spring-web-5.1.13.RELEASE.jar;C:\Users\Admin\.m2\repository\io\rest-assured\spring-web-test-client\5.3.2\spring-web-test-client-5.3.2.jar;C:\Users\Admin\.m2\repository\org\springframework\spring-context\5.1.13.RELEASE\spring-context-5.1.13.RELEASE.jar;C:\Users\Admin\.m2\repository\org\synchronoss\cloud\nio-multipart-parser\1.1.0\nio-multipart-parser-1.1.0.jar;C:\Users\Admin\.m2\repository\org\synchronoss\cloud\nio-stream-storage\1.1.3\nio-stream-storage-1.1.3.jar;C:\Users\Admin\.m2\repository\io\rest-assured\scala-support\5.3.2\scala-support-5.3.2.jar;C:\Users\Admin\.m2\repository\org\scala-lang\scala-library\2.13.0\scala-library-2.13.0.jar;C:\Users\Admin\.m2\repository\io\rest-assured\kotlin-extensions\5.3.2\kotlin-extensions-5.3.2.jar;C:\Users\Admin\.m2\repository\org\jetbrains\kotlin\kotlin-stdlib-jdk8\1.9.10\kotlin-stdlib-jdk8-1.9.10.jar;C:\Users\Admin\.m2\repository\org\jetbrains\kotlin\kotlin-stdlib\1.9.10\kotlin-stdlib-1.9.10.jar;C:\Users\Admin\.m2\repository\org\jetbrains\kotlin\kotlin-stdlib-common\1.9.10\kotlin-stdlib-common-1.9.10.jar;C:\Users\Admin\.m2\repository\org\jetbrains\annotations\13.0\annotations-13.0.jar;C:\Users\Admin\.m2\repository\org\jetbrains\kotlin\kotlin-stdlib-jdk7\1.9.10\kotlin-stdlib-jdk7-1.9.10.jar;C:\Users\Admin\.m2\repository\io\rest-assured\rest-assured-all\5.3.2\rest-assured-all-5.3.2.jar;C:\Users\Admin\.m2\repository\org\apache\groovy\groovy-json\4.0.11\groovy-json-4.0.11.jar;C:\Users\Admin\.m2\repository\com\github\javafaker\javafaker\1.0.2\javafaker-1.0.2.jar;C:\Users\Admin\.m2\repository\org\yaml\snakeyaml\1.23\snakeyaml-1.23-android.jar;C:\Users\Admin\.m2\repository\com\github\mifmif\generex\1.0.2\generex-1.0.2.jar;C:\Users\Admin\.m2\repository\dk\brics\automaton\automaton\1.11-8\automaton-1.11-8.jar;C:\Users\Admin\.m2\repository\org\json\json\20231013\json-20231013.jar;C:\Users\Admin\.m2\repository\org\slf4j\slf4j-api\2.0.9\slf4j-api-2.0.9.jar;C:\Users\Admin\.m2\repository\ch\qos\logback\logback-classic\1.4.11\logback-classic-1.4.11.jar;C:\Users\Admin\.m2\repository\ch\qos\logback\logback-core\1.4.11\logback-core-1.4.11.jar;C:\Users\Admin\.m2\repository\org\apache\logging\log4j\log4j-api\3.0.0-alpha1\log4j-api-3.0.0-alpha1.jar;C:\Users\Admin\.m2\repository\com\tngtech\java\junit-dataprovider\1.13.1\junit-dataprovider-1.13.1.jar;"/>
    <property name="java.vm.vendor" value="Oracle Corporation"/>
    <property name="sun.arch.data.model" value="64"/>
    <property name="user.variant" value=""/>
    <property name="java.vendor.url" value="https://java.oracle.com/"/>
    <property name="user.timezone" value="Asia/Calcutta"/>
    <property name="os.name" value="Windows 10"/>
    <property name="java.vm.specification.version" value="17"/>
    <property name="sun.java.launcher" value="SUN_STANDARD"/>
    <property name="user.country" value="IN"/>
    <property name="sun.boot.library.path" value="C:\Program Files\Java\jdk-17\bin"/>
    <property name="sun.java.command" value="C:\Users\Admin\AppData\Local\Temp\surefire10239834176923262941\surefirebooter-20231201173503527_3.jar C:\Users\Admin\AppData\Local\Temp\surefire10239834176923262941 2023-12-01T17-35-02_992-jvmRun1 surefire-20231201173503527_1tmp surefire_0-20231201173503527_2tmp"/>
    <property name="jdk.debug" value="release"/>
    <property name="surefire.test.class.path" value="H:\Archana_Selenium_WebDriver\PetStoreAutomation\target\test-classes;H:\Archana_Selenium_WebDriver\PetStoreAutomation\target\classes;C:\Users\Admin\.m2\repository\io\rest-assured\rest-assured\5.3.2\rest-assured-5.3.2.jar;C:\Users\Admin\.m2\repository\org\apache\groovy\groovy\4.0.11\groovy-4.0.11.jar;C:\Users\Admin\.m2\repository\org\apache\groovy\groovy-xml\4.0.11\groovy-xml-4.0.11.jar;C:\Users\Admin\.m2\repository\org\apache\httpcomponents\httpclient\4.5.13\httpclient-4.5.13.jar;C:\Users\Admin\.m2\repository\org\apache\httpcomponents\httpcore\4.4.13\httpcore-4.4.13.jar;C:\Users\Admin\.m2\repository\commons-logging\commons-logging\1.2\commons-logging-1.2.jar;C:\Users\Admin\.m2\repository\org\apache\httpcomponents\httpmime\4.5.13\httpmime-4.5.13.jar;C:\Users\Admin\.m2\repository\org\hamcrest\hamcrest\2.2\hamcrest-2.2.jar;C:\Users\Admin\.m2\repository\org\ccil\cowan\tagsoup\tagsoup\1.2.1\tagsoup-1.2.1.jar;C:\Users\Admin\.m2\repository\io\rest-assured\json-path\5.3.2\json-path-5.3.2.jar;C:\Users\Admin\.m2\repository\org\apache\logging\log4j\log4j-core\3.0.0-alpha1\log4j-core-3.0.0-alpha1.jar;C:\Users\Admin\.m2\repository\org\apache\logging\log4j\log4j-plugins\3.0.0-alpha1\log4j-plugins-3.0.0-alpha1.jar;C:\Users\Admin\.m2\repository\javax\activation\javax.activation-api\1.2.0\javax.activation-api-1.2.0.jar;C:\Users\Admin\.m2\repository\javax\xml\bind\jaxb-api\2.3.1\jaxb-api-2.3.1.jar;C:\Users\Admin\.m2\repository\com\fasterxml\woodstox\woodstox-core\6.5.0\woodstox-core-6.5.0.jar;C:\Users\Admin\.m2\repository\org\codehaus\woodstox\stax2-api\4.2.1\stax2-api-4.2.1.jar;C:\Users\Admin\.m2\repository\org\testng\testng\7.8.0\testng-7.8.0.jar;C:\Users\Admin\.m2\repository\com\beust\jcommander\1.82\jcommander-1.82.jar;C:\Users\Admin\.m2\repository\org\webjars\jquery\3.6.1\jquery-3.6.1.jar;C:\Users\Admin\.m2\repository\com\jayway\jsonpath\json-path\2.8.0\json-path-2.8.0.jar;C:\Users\Admin\.m2\repository\net\minidev\json-smart\2.4.10\json-smart-2.4.10.jar;C:\Users\Admin\.m2\repository\net\minidev\accessors-smart\2.4.9\accessors-smart-2.4.9.jar;C:\Users\Admin\.m2\repository\org\ow2\asm\asm\9.3\asm-9.3.jar;C:\Users\Admin\.m2\repository\io\github\selcukes\selcukes-extent-reports\2.3.7\selcukes-extent-reports-2.3.7.jar;C:\Users\Admin\.m2\repository\com\aventstack\extentreports\5.1.1\extentreports-5.1.1.jar;C:\Users\Admin\.m2\repository\io\reactivex\rxjava3\rxjava\3.1.6\rxjava-3.1.6.jar;C:\Users\Admin\.m2\repository\org\reactivestreams\reactive-streams\1.0.4\reactive-streams-1.0.4.jar;C:\Users\Admin\.m2\repository\org\freemarker\freemarker\2.3.32\freemarker-2.3.32.jar;C:\Users\Admin\.m2\repository\org\projectlombok\lombok\1.18.26\lombok-1.18.26.jar;C:\Users\Admin\.m2\repository\com\google\code\gson\gson\2.10.1\gson-2.10.1.jar;C:\Users\Admin\.m2\repository\io\github\selcukes\selcukes-snapshot\2.3.7\selcukes-snapshot-2.3.7.jar;C:\Users\Admin\.m2\repository\io\github\selcukes\selcukes-commons\2.3.7\selcukes-commons-2.3.7.jar;C:\Users\Admin\.m2\repository\io\github\selcukes\selcukes-databind\2.3.7\selcukes-databind-2.3.7.jar;C:\Users\Admin\.m2\repository\io\github\selcukes\selcukes-collections\2.3.7\selcukes-collections-2.3.7.jar;C:\Users\Admin\.m2\repository\com\fasterxml\jackson\dataformat\jackson-dataformat-yaml\2.15.3\jackson-dataformat-yaml-2.15.3.jar;C:\Users\Admin\.m2\repository\org\yaml\snakeyaml\2.1\snakeyaml-2.1.jar;C:\Users\Admin\.m2\repository\com\fasterxml\jackson\dataformat\jackson-dataformat-xml\2.15.3\jackson-dataformat-xml-2.15.3.jar;C:\Users\Admin\.m2\repository\org\apache\poi\poi\5.2.4\poi-5.2.4.jar;C:\Users\Admin\.m2\repository\commons-codec\commons-codec\1.16.0\commons-codec-1.16.0.jar;C:\Users\Admin\.m2\repository\org\apache\commons\commons-collections4\4.4\commons-collections4-4.4.jar;C:\Users\Admin\.m2\repository\org\apache\commons\commons-math3\3.6.1\commons-math3-3.6.1.jar;C:\Users\Admin\.m2\repository\commons-io\commons-io\2.13.0\commons-io-2.13.0.jar;C:\Users\Admin\.m2\repository\com\zaxxer\SparseBitSet\1.3\SparseBitSet-1.3.jar;C:\Users\Admin\.m2\repository\org\apache\poi\poi-ooxml\5.2.4\poi-ooxml-5.2.4.jar;C:\Users\Admin\.m2\repository\org\apache\poi\poi-ooxml-lite\5.2.4\poi-ooxml-lite-5.2.4.jar;C:\Users\Admin\.m2\repository\org\apache\xmlbeans\xmlbeans\5.1.1\xmlbeans-5.1.1.jar;C:\Users\Admin\.m2\repository\org\apache\commons\commons-compress\1.24.0\commons-compress-1.24.0.jar;C:\Users\Admin\.m2\repository\com\github\virtuald\curvesapi\1.08\curvesapi-1.08.jar;C:\Users\Admin\.m2\repository\io\rest-assured\xml-path\5.3.2\xml-path-5.3.2.jar;C:\Users\Admin\.m2\repository\io\rest-assured\rest-assured-common\5.3.2\rest-assured-common-5.3.2.jar;C:\Users\Admin\.m2\repository\org\apache\commons\commons-lang3\3.11\commons-lang3-3.11.jar;C:\Users\Admin\.m2\repository\com\github\java-json-tools\json-schema-validator\2.2.14\json-schema-validator-2.2.14.jar;C:\Users\Admin\.m2\repository\com\google\guava\guava\28.2-android\guava-28.2-android.jar;C:\Users\Admin\.m2\repository\com\google\guava\failureaccess\1.0.1\failureaccess-1.0.1.jar;C:\Users\Admin\.m2\repository\com\google\guava\listenablefuture\9999.0-empty-to-avoid-conflict-with-guava\listenablefuture-9999.0-empty-to-avoid-conflict-with-guava.jar;C:\Users\Admin\.m2\repository\org\checkerframework\checker-compat-qual\2.5.5\checker-compat-qual-2.5.5.jar;C:\Users\Admin\.m2\repository\com\google\errorprone\error_prone_annotations\2.3.4\error_prone_annotations-2.3.4.jar;C:\Users\Admin\.m2\repository\com\google\j2objc\j2objc-annotations\1.3\j2objc-annotations-1.3.jar;C:\Users\Admin\.m2\repository\com\github\java-json-tools\jackson-coreutils-equivalence\1.0\jackson-coreutils-equivalence-1.0.jar;C:\Users\Admin\.m2\repository\com\fasterxml\jackson\core\jackson-databind\2.11.0\jackson-databind-2.11.0.jar;C:\Users\Admin\.m2\repository\com\fasterxml\jackson\core\jackson-annotations\2.11.0\jackson-annotations-2.11.0.jar;C:\Users\Admin\.m2\repository\com\fasterxml\jackson\core\jackson-core\2.11.0\jackson-core-2.11.0.jar;C:\Users\Admin\.m2\repository\com\github\java-json-tools\jackson-coreutils\2.0\jackson-coreutils-2.0.jar;C:\Users\Admin\.m2\repository\com\github\java-json-tools\msg-simple\1.2\msg-simple-1.2.jar;C:\Users\Admin\.m2\repository\com\github\java-json-tools\btf\1.3\btf-1.3.jar;C:\Users\Admin\.m2\repository\com\github\java-json-tools\json-schema-core\1.2.14\json-schema-core-1.2.14.jar;C:\Users\Admin\.m2\repository\com\github\java-json-tools\uri-template\0.10\uri-template-0.10.jar;C:\Users\Admin\.m2\repository\org\mozilla\rhino\1.7.7.2\rhino-1.7.7.2.jar;C:\Users\Admin\.m2\repository\com\sun\mail\mailapi\1.6.2\mailapi-1.6.2.jar;C:\Users\Admin\.m2\repository\joda-time\joda-time\2.10.5\joda-time-2.10.5.jar;C:\Users\Admin\.m2\repository\com\googlecode\libphonenumber\libphonenumber\8.11.1\libphonenumber-8.11.1.jar;C:\Users\Admin\.m2\repository\com\google\code\findbugs\jsr305\3.0.2\jsr305-3.0.2.jar;C:\Users\Admin\.m2\repository\net\sf\jopt-simple\jopt-simple\5.0.4\jopt-simple-5.0.4.jar;C:\Users\Admin\.m2\repository\io\rest-assured\json-schema-validator\5.3.2\json-schema-validator-5.3.2.jar;C:\Users\Admin\.m2\repository\io\rest-assured\spring-mock-mvc\5.3.2\spring-mock-mvc-5.3.2.jar;C:\Users\Admin\.m2\repository\io\rest-assured\spring-commons\5.3.2\spring-commons-5.3.2.jar;C:\Users\Admin\.m2\repository\org\springframework\spring-test\5.1.13.RELEASE\spring-test-5.1.13.RELEASE.jar;C:\Users\Admin\.m2\repository\org\springframework\spring-core\5.1.13.RELEASE\spring-core-5.1.13.RELEASE.jar;C:\Users\Admin\.m2\repository\org\springframework\spring-jcl\5.1.13.RELEASE\spring-jcl-5.1.13.RELEASE.jar;C:\Users\Admin\.m2\repository\org\springframework\spring-webmvc\5.1.13.RELEASE\spring-webmvc-5.1.13.RELEASE.jar;C:\Users\Admin\.m2\repository\org\springframework\spring-aop\5.1.13.RELEASE\spring-aop-5.1.13.RELEASE.jar;C:\Users\Admin\.m2\repository\org\springframework\spring-beans\5.1.13.RELEASE\spring-beans-5.1.13.RELEASE.jar;C:\Users\Admin\.m2\repository\org\springframework\spring-expression\5.1.13.RELEASE\spring-expression-5.1.13.RELEASE.jar;C:\Users\Admin\.m2\repository\org\springframework\spring-web\5.1.13.RELEASE\spring-web-5.1.13.RELEASE.jar;C:\Users\Admin\.m2\repository\io\rest-assured\spring-web-test-client\5.3.2\spring-web-test-client-5.3.2.jar;C:\Users\Admin\.m2\repository\org\springframework\spring-context\5.1.13.RELEASE\spring-context-5.1.13.RELEASE.jar;C:\Users\Admin\.m2\repository\org\synchronoss\cloud\nio-multipart-parser\1.1.0\nio-multipart-parser-1.1.0.jar;C:\Users\Admin\.m2\repository\org\synchronoss\cloud\nio-stream-storage\1.1.3\nio-stream-storage-1.1.3.jar;C:\Users\Admin\.m2\repository\io\rest-assured\scala-support\5.3.2\scala-support-5.3.2.jar;C:\Users\Admin\.m2\repository\org\scala-lang\scala-library\2.13.0\scala-library-2.13.0.jar;C:\Users\Admin\.m2\repository\io\rest-assured\kotlin-extensions\5.3.2\kotlin-extensions-5.3.2.jar;C:\Users\Admin\.m2\repository\org\jetbrains\kotlin\kotlin-stdlib-jdk8\1.9.10\kotlin-stdlib-jdk8-1.9.10.jar;C:\Users\Admin\.m2\repository\org\jetbrains\kotlin\kotlin-stdlib\1.9.10\kotlin-stdlib-1.9.10.jar;C:\Users\Admin\.m2\repository\org\jetbrains\kotlin\kotlin-stdlib-common\1.9.10\kotlin-stdlib-common-1.9.10.jar;C:\Users\Admin\.m2\repository\org\jetbrains\annotations\13.0\annotations-13.0.jar;C:\Users\Admin\.m2\repository\org\jetbrains\kotlin\kotlin-stdlib-jdk7\1.9.10\kotlin-stdlib-jdk7-1.9.10.jar;C:\Users\Admin\.m2\repository\io\rest-assured\rest-assured-all\5.3.2\rest-assured-all-5.3.2.jar;C:\Users\Admin\.m2\repository\org\apache\groovy\groovy-json\4.0.11\groovy-json-4.0.11.jar;C:\Users\Admin\.m2\repository\com\github\javafaker\javafaker\1.0.2\javafaker-1.0.2.jar;C:\Users\Admin\.m2\repository\org\yaml\snakeyaml\1.23\snakeyaml-1.23-android.jar;C:\Users\Admin\.m2\repository\com\github\mifmif\generex\1.0.2\generex-1.0.2.jar;C:\Users\Admin\.m2\repository\dk\brics\automaton\automaton\1.11-8\automaton-1.11-8.jar;C:\Users\Admin\.m2\repository\org\json\json\20231013\json-20231013.jar;C:\Users\Admin\.m2\repository\org\slf4j\slf4j-api\2.0.9\slf4j-api-2.0.9.jar;C:\Users\Admin\.m2\repository\ch\qos\logback\logback-classic\1.4.11\logback-classic-1.4.11.jar;C:\Users\Admin\.m2\repository\ch\qos\logback\logback-core\1.4.11\logback-core-1.4.11.jar;C:\Users\Admin\.m2\repository\org\apache\logging\log4j\log4j-api\3.0.0-alpha1\log4j-api-3.0.0-alpha1.jar;C:\Users\Admin\.m2\repository\com\tngtech\java\junit-dataprovider\1.13.1\junit-dataprovider-1.13.1.jar;"/>
    <property name="sun.cpu.endian" value="little"/>
    <property name="user.home" value="C:\Users\Admin"/>
    <property name="user.language" value="en"/>
    <property name="java.specification.vendor" value="Oracle Corporation"/>
    <property name="java.version.date" value="2023-10-17"/>
    <property name="java.home" value="C:\Program Files\Java\jdk-17"/>
    <property name="file.separator" value="\"/>
    <property name="basedir" value="H:\Archana_Selenium_WebDriver\PetStoreAutomation"/>
    <property name="java.vm.compressedOopsMode" value="32-bit"/>
    <property name="line.separator" value="&#10;"/>
    <property name="java.vm.specification.vendor" value="Oracle Corporation"/>
    <property name="java.specification.name" value="Java Platform API Specification"/>
    <property name="surefire.real.class.path" value="C:\Users\Admin\AppData\Local\Temp\surefire10239834176923262941\surefirebooter-20231201173503527_3.jar"/>
    <property name="user.script" value=""/>
    <property name="sun.management.compiler" value="HotSpot 64-Bit Tiered Compilers"/>
    <property name="java.runtime.version" value="17.0.9+11-LTS-201"/>
    <property name="user.name" value="Admin"/>
    <property name="path.separator" value=";"/>
    <property name="os.version" value="10.0"/>
    <property name="java.runtime.name" value="Java(TM) SE Runtime Environment"/>
    <property name="file.encoding" value="Cp1252"/>
    <property name="java.vm.name" value="Java HotSpot(TM) 64-Bit Server VM"/>
    <property name="localRepository" value="C:\Users\Admin\.m2\repository"/>
    <property name="java.vendor.url.bug" value="https://bugreport.java.com/bugreport/"/>
    <property name="java.io.tmpdir" value="C:\Users\Admin\AppData\Local\Temp\"/>
    <property name="java.version" value="17.0.9"/>
    <property name="user.dir" value="H:\Archana_Selenium_WebDriver\PetStoreAutomation"/>
    <property name="os.arch" value="amd64"/>
    <property name="java.vm.specification.name" value="Java Virtual Machine Specification"/>
    <property name="sun.os.patch.level" value=""/>
    <property name="native.encoding" value="Cp1252"/>
    <property name="java.library.path" value="C:\Program Files\Java\jdk-17\bin;C:\Windows\Sun\Java\bin;C:\Windows\system32;C:\Windows;C:\Program Files\Common Files\Oracle\Java\javapath;C:\Program Files\Python311\Scripts\;C:\Program Files\Python311\;C:\Program Files (x86)\Common Files\Oracle\Java\javapath;C:\Windows\system32;C:\Windows;C:\Windows\System32\Wbem;C:\Windows\System32\WindowsPowerShell\v1.0\;C:\Windows\System32\OpenSSH\;C:\Program Files\Java\jdk1.8.0_202\bin;C:\Program Files\nodejs\;C:\Program Files\nodejs;C:\Program Files\Git\cmd;C:\Users\Admin\AppData\Local\Android\Sdk\tools\bin;C:\Users\Admin\AppData\Local\Android\Sdk\tools;C:\Users\Admin\AppData\Local\Android\Sdk\platform-tools;H:\Selenium_jar_File\apache-maven-3.9.5\bin;C:\Program Files\Java\jdk-17\bin;H:\Selenium_jar_File\apache-maven-3.9.5\bin;C:\Users\Admin\AppData\Local\Microsoft\WindowsApps;C:\Users\Admin\AppData\Roaming\npm;C:\Users\Admin\AppData\Local\Programs\Microsoft VS Code\bin;."/>
    <property name="java.vm.info" value="mixed mode, sharing"/>
    <property name="java.vendor" value="Oracle Corporation"/>
    <property name="java.vm.version" value="17.0.9+11-LTS-201"/>
    <property name="sun.io.unicode.encoding" value="UnicodeLittle"/>
    <property name="java.class.version" value="61.0"/>
  </properties>
  <testcase name="testPostuser[1111, testuser1, ira, joshi, a@gmail.com, 1234, 1234567890](1)" classname="api.test.DDTests" time="6.733">
    <system-out><![CDATA[ERROR StatusConsoleListener Unable to locate appender "File" for logger config "root"
]]></system-out>
  </testcase>
  <testcase name="testPostuser[1112, testuser2, ish, Kom, b@gmail.com, 3456, 2345678910](2)" classname="api.test.DDTests" time="1.184"/>
  <testcase name="testPostuser[1113, testuser3, om, hande, c@gmail.com, 7890, 3645789100](3)" classname="api.test.DDTests" time="1.133"/>
  <testcase name="testPostuser[1114, testuser4, kaya, mande, d@gmail.com, 1112, 4567891230](4)" classname="api.test.DDTests" time="1.149"/>
  <testcase name="testDeleteUserByName[testuser1](1)" classname="api.test.DDTests" time="1.211"/>
  <testcase name="testDeleteUserByName[testuser2](2)" classname="api.test.DDTests" time="1.091"/>
  <testcase name="testDeleteUserByName[testuser3](3)" classname="api.test.DDTests" time="1.088"/>
  <testcase name="testDeleteUserByName[testuser4](4)" classname="api.test.DDTests" time="1.135"/>
  <testcase name="testPostUser" classname="api.test.UserTests" time="1.331">
    <system-out><![CDATA[HTTP/1.1 200 OK
Date: Fri, 01 Dec 2023 12:05:28 GMT
Content-Type: application/json
Transfer-Encoding: chunked
Connection: keep-alive
Access-Control-Allow-Origin: *
Access-Control-Allow-Methods: GET, POST, DELETE, PUT
Access-Control-Allow-Headers: Content-Type, api_key, Authorization
Server: Jetty(9.2.9.v20150224)

{
    "code": 200,
    "type": "unknown",
    "message": "359917733"
}
]]></system-out>
  </testcase>
  <testcase name="testGetUserByName" classname="api.test.UserTests" time="1.152">
    <system-out><![CDATA[HTTP/1.1 200 OK
Date: Fri, 01 Dec 2023 12:05:29 GMT
Content-Type: application/json
Transfer-Encoding: chunked
Connection: keep-alive
Access-Control-Allow-Origin: *
Access-Control-Allow-Methods: GET, POST, DELETE, PUT
Access-Control-Allow-Headers: Content-Type, api_key, Authorization
Server: Jetty(9.2.9.v20150224)

{
    "id": 359917733,
    "username": "hollie.okeefe",
    "firstName": "Desirae",
    "lastName": "Will",
    "email": "garrett.rice@yahoo.com",
    "password": "kwpftnfmsmopl",
    "phone": "1-073-103-0587",
    "userStatus": 0
}
]]></system-out>
  </testcase>
  <testcase name="testUpdateUser" classname="api.test.UserTests" time="1.155">
    <system-out><![CDATA[HTTP/1.1 200 OK
Date: Fri, 01 Dec 2023 12:05:30 GMT
Content-Type: application/json
Transfer-Encoding: chunked
Connection: keep-alive
Access-Control-Allow-Origin: *
Access-Control-Allow-Methods: GET, POST, DELETE, PUT
Access-Control-Allow-Headers: Content-Type, api_key, Authorization
Server: Jetty(9.2.9.v20150224)

{
    "code": 200,
    "type": "unknown",
    "message": "359917733"
}
]]></system-out>
  </testcase>
  <testcase name="testDeleteUserByName" classname="api.test.UserTests" time="1.127">
    <system-out><![CDATA[HTTP/1.1 200 OK
Date: Fri, 01 Dec 2023 12:05:31 GMT
Content-Type: application/json
Transfer-Encoding: chunked
Connection: keep-alive
Access-Control-Allow-Origin: *
Access-Control-Allow-Methods: GET, POST, DELETE, PUT
Access-Control-Allow-Headers: Content-Type, api_key, Authorization
Server: Jetty(9.2.9.v20150224)

{
    "id": 359917733,
    "username": "johnathan.kuhn",
    "firstName": "Wendell",
    "lastName": "Nader",
    "email": "garrett.rice@yahoo.com",
    "password": "kwpftnfmsmopl",
    "phone": "1-073-103-0587",
    "userStatus": 0
}
]]></system-out>
  </testcase>
</testsuite>