<?xml version="1.0" encoding="UTF-8"?>
<!-- Generated by org.testng.reporters.JUnitReportReporter -->
<testsuite hostname="DESKTOP-2EN2APD" failures="0" tests="8" name="api.test.DDTests" time="9.008" errors="0" timestamp="2023-12-01T14:56:13 IST" skipped="0">
  <testcase classname="api.test.DDTests" name="testPostuser" time="1.135"/>
  <testcase classname="api.test.DDTests" name="testPostuser" time="1.123"/>
  <testcase classname="api.test.DDTests" name="testPostuser" time="1.151"/>
  <testcase classname="api.test.DDTests" name="testPostuser" time="1.117"/>
  <testcase classname="api.test.DDTests" name="testDeleteUserByName" time="1.092"/>
  <testcase classname="api.test.DDTests" name="testDeleteUserByName" time="1.134"/>
  <testcase classname="api.test.DDTests" name="testDeleteUserByName" time="1.129"/>
  <testcase classname="api.test.DDTests" name="testDeleteUserByName" time="1.127"/>
</testsuite> <!-- api.test.DDTests -->
