<?xml version="1.0" encoding="UTF-8"?>
<!-- Generated by org.testng.reporters.JUnitReportReporter -->
<testsuite hostname="DESKTOP-2EN2APD" failures="0" tests="4" name="api.test.UserTests" time="8.246" errors="0" timestamp="2023-12-01T14:56:13 IST" skipped="0">
  <testcase classname="api.test.UserTests" name="testPostUser" time="4.747"/>
  <testcase classname="api.test.UserTests" name="testGetUserByName" time="1.202"/>
  <testcase classname="api.test.UserTests" name="testUpdateUser" time="1.149"/>
  <testcase classname="api.test.UserTests" name="testDeleteUserByName" time="1.148"/>
</testsuite> <!-- api.test.UserTests -->
