<?xml version="1.0" encoding="UTF-8"?>
<!-- Generated by org.testng.reporters.JUnitReportReporter -->
<testsuite hostname="DESKTOP-2EN2APD" failures="0" tests="8" name="api.test.DDTests" time="14.723" errors="0" timestamp="2023-12-01T17:35:32 IST" skipped="0">
  <testcase classname="api.test.DDTests" name="testPostuser" time="1.188"/>
  <testcase classname="api.test.DDTests" name="testPostuser" time="6.727"/>
  <testcase classname="api.test.DDTests" name="testPostuser" time="1.133"/>
  <testcase classname="api.test.DDTests" name="testPostuser" time="1.149"/>
  <testcase classname="api.test.DDTests" name="testDeleteUserByName" time="1.134"/>
  <testcase classname="api.test.DDTests" name="testDeleteUserByName" time="1.092"/>
  <testcase classname="api.test.DDTests" name="testDeleteUserByName" time="1.209"/>
  <testcase classname="api.test.DDTests" name="testDeleteUserByName" time="1.091"/>
</testsuite> <!-- api.test.DDTests -->
