<?xml version="1.0" encoding="UTF-8"?>
<!-- Generated by org.testng.reporters.JUnitReportReporter -->
<testsuite hostname="DESKTOP-2EN2APD" failures="0" tests="4" name="api.test.UserTests" time="4.745" errors="0" timestamp="2023-12-01T17:35:32 IST" skipped="0">
  <testcase classname="api.test.UserTests" name="testPostUser" time="1.318"/>
  <testcase classname="api.test.UserTests" name="testGetUserByName" time="1.128"/>
  <testcase classname="api.test.UserTests" name="testUpdateUser" time="1.153"/>
  <testcase classname="api.test.UserTests" name="testDeleteUserByName" time="1.146"/>
</testsuite> <!-- api.test.UserTests -->
